<?xml version="1.0" encoding="UTF-8"?>
<testsuite xmlns:xsi="http://www.w3.org/2001/XMLSchema-instance" xsi:noNamespaceSchemaLocation="https://maven.apache.org/surefire/maven-surefire-plugin/xsd/surefire-test-report-3.0.xsd" version="3.0" name="TestSuite" time="32.705" tests="5" errors="0" skipped="3" failures="1">
  <properties>
[...]
</properties>
  <testcase name="TC_001_Activa_Test" classname="pages.test.TC_002_ActivaTest" time="0.0">
    <skipped message="Skipping test intentially"/>
    <system-out><![CDATA[ INFO [TestNG-test=sampleTest-2] (TC_003_HeroTest.java:15)- Entering 'Hero Splender' text in textfox
 INFO [TestNG-test=sampleTest-1] (TC_002_ActivaTest.java:16)- Entering 'Activa' text in textfox
 INFO [TestNG-test=sampleTest-1] (TC_002_ActivaTest.java:20)- Selecting first option from suggestion list
 INFO [TestNG-test=sampleTest-2] (TC_003_HeroTest.java:19)- Selecting first option from suggestion list
]]></system-out>
    <system-err><![CDATA[SLF4J: No SLF4J providers were found.
SLF4J: Defaulting to no-operation (NOP) logger implementation
SLF4J: See https://www.slf4j.org/codes.html#noProviders for further details.
Jan 20, 2024 2:51:43 PM org.openqa.selenium.devtools.CdpVersionFinder findNearestMatch
WARNING: Unable to find an exact match for CDP version 120, so returning the closest version found: 117
Jan 20, 2024 2:51:44 PM org.openqa.selenium.devtools.CdpVersionFinder findNearestMatch
WARNING: Unable to find an exact match for CDP version 120, so returning the closest version found: 117
]]></system-err>
  </testcase>
  <testcase name="TC_001_Hero_Test" classname="pages.test.TC_003_HeroTest" time="0.0">
    <skipped message="expected [true] but found [false]"/>
  </testcase>
  <testcase name="TC_001_Hero_Test" classname="pages.test.TC_003_HeroTest" time="0.0">
    <skipped message="expected [true] but found [false]"/>
  </testcase>
  <testcase name="TC_001_Hero_Test" classname="pages.test.TC_003_HeroTest" time="6.807">
    <failure message="expected [true] but found [false]" type="java.lang.AssertionError"><![CDATA[java.lang.AssertionError: expected [true] but found [false]
	at org.testng.Assert.fail(Assert.java:99)
	at org.testng.Assert.failNotEquals(Assert.java:1037)
	at org.testng.Assert.assertTrue(Assert.java:45)
	at org.testng.Assert.assertTrue(Assert.java:55)
	at pages.test.TC_003_HeroTest.TC_001_Hero_Test(TC_003_HeroTest.java:21)
	at java.base/jdk.internal.reflect.NativeMethodAccessorImpl.invoke0(Native Method)
	at java.base/jdk.internal.reflect.NativeMethodAccessorImpl.invoke(NativeMethodAccessorImpl.java:77)
	at java.base/jdk.internal.reflect.DelegatingMethodAccessorImpl.invoke(DelegatingMethodAccessorImpl.java:43)
	at java.base/java.lang.reflect.Method.invoke(Method.java:568)
	at org.testng.internal.MethodInvocationHelper.invokeMethod(MethodInvocationHelper.java:133)
	at org.testng.internal.TestInvoker.invokeMethod(TestInvoker.java:598)
	at org.testng.internal.TestInvoker.retryFailed(TestInvoker.java:213)
	at org.testng.internal.MethodRunner.runInSequence(MethodRunner.java:58)
	at org.testng.internal.TestInvoker$MethodInvocationAgent.invoke(TestInvoker.java:824)
	at org.testng.internal.TestInvoker.invokeTestMethods(TestInvoker.java:146)
	at org.testng.internal.TestMethodWorker.invokeTestMethods(TestMethodWorker.java:146)
	at org.testng.internal.TestMethodWorker.run(TestMethodWorker.java:128)
	at java.base/java.util.concurrent.ThreadPoolExecutor.runWorker(ThreadPoolExecutor.java:1136)
	at java.base/java.util.concurrent.ThreadPoolExecutor$Worker.run(ThreadPoolExecutor.java:635)
	at java.base/java.lang.Thread.run(Thread.java:842)
]]></failure>
    <system-out><![CDATA[ INFO [TestNG-test=sampleTest-2] (TC_003_HeroTest.java:15)- Entering 'Hero Splender' text in textfox
 INFO [TestNG-test=sampleTest-2] (TC_003_HeroTest.java:19)- Selecting first option from suggestion list
]]></system-out>
    <system-err><![CDATA[Jan 20, 2024 2:52:03 PM org.openqa.selenium.devtools.CdpVersionFinder findNearestMatch
WARNING: Unable to find an exact match for CDP version 120, so returning the closest version found: 117
]]></system-err>
  </testcase>
  <testcase name="TC_001_Suzuki_Test" classname="pages.test.TC_004_SuzukiTest" time="4.286">
    <system-out><![CDATA[ INFO [TestNG-test=sampleTest-1] (TC_004_SuzukiTest.java:15)- Entering 'Suzuki Access 125' text in textfox
 INFO [TestNG-test=sampleTest-1] (TC_004_SuzukiTest.java:19)- Selecting first option from suggestion list
 INFO [TestNG-test=sampleTest-2] (TC_003_HeroTest.java:15)- Entering 'Hero Splender' text in textfox
 INFO [TestNG-test=sampleTest-2] (TC_003_HeroTest.java:19)- Selecting first option from suggestion list
 INFO [TestNG-test=sampleTest-1] (TC_004_SuzukiTest.java:23)- Validating test result
]]></system-out>
    <system-err><![CDATA[Jan 20, 2024 2:51:53 PM org.openqa.selenium.devtools.CdpVersionFinder findNearestMatch
WARNING: Unable to find an exact match for CDP version 120, so returning the closest version found: 117
Jan 20, 2024 2:51:54 PM org.openqa.selenium.devtools.CdpVersionFinder findNearestMatch
WARNING: Unable to find an exact match for CDP version 120, so returning the closest version found: 117
]]></system-err>
  </testcase>
</testsuite>