<?xml version="1.0" encoding="UTF-8"?>
<testng-results ignored="0" total="4" passed="2" failed="2" skipped="0">
  <reporter-output>
    <line>
      <![CDATA[Entering 'Honda' text in textfox]]>
    </line>
    <line>
      <![CDATA[Entering 'Activa' text in textfox]]>
    </line>
    <line>
      <![CDATA[Selecting first option from suggestion list]]>
    </line>
    <line>
      <![CDATA[Selecting first option from suggestion list]]>
    </line>
    <line>
      <![CDATA[Validating test result]]>
    </line>
    <line>
      <![CDATA[clicking on link]]>
    </line>
    <line>
      <![CDATA[Entering 'Hero Splender' text in textfox]]>
    </line>
    <line>
      <![CDATA[Selecting first option from suggestion list]]>
    </line>
    <line>
      <![CDATA[Entering 'Suzuki Access 125' text in textfox]]>
    </line>
    <line>
      <![CDATA[Selecting first option from suggestion list]]>
    </line>
    <line>
      <![CDATA[clicking on link]]>
    </line>
    <line>
      <![CDATA[Validating test result]]>
    </line>
  </reporter-output>
  <suite started-at="2024-01-17T19:35:10 IST" name="Suite" finished-at="2024-01-17T19:35:35 IST" duration-ms="25411">
    <groups>
      <group name="regression">
        <method signature="TC_003_HeroTest.TC_001_Hero_Test()[pri:0, instance:pages.test.TC_003_HeroTest@15de0b3c]" name="TC_001_Hero_Test" class="pages.test.TC_003_HeroTest"/>
        <method signature="TC_004_SuzukiTest.TC_001_Suzuki_Test()[pri:0, instance:pages.test.TC_004_SuzukiTest@489115ef]" name="TC_001_Suzuki_Test" class="pages.test.TC_004_SuzukiTest"/>
      </group> <!-- regression -->
      <group name="smoke">
        <method signature="TC_001_HondaTest.TC_001_Honda_Test()[pri:0, instance:pages.test.TC_001_HondaTest@179ece50]" name="TC_001_Honda_Test" class="pages.test.TC_001_HondaTest"/>
        <method signature="TC_002_ActivaTest.TC_001_Activa_Test()[pri:0, instance:pages.test.TC_002_ActivaTest@1a677343]" name="TC_001_Activa_Test" class="pages.test.TC_002_ActivaTest"/>
      </group> <!-- smoke -->
    </groups>
    <test started-at="2024-01-17T19:35:10 IST" name="sampleTest" finished-at="2024-01-17T19:35:35 IST" duration-ms="25411">
      <class name="pages.test.TC_001_HondaTest">
        <test-method is-config="true" signature="setUp()[pri:0, instance:pages.test.TC_001_HondaTest@179ece50]" started-at="2024-01-17T19:35:10 IST" name="setUp" finished-at="2024-01-17T19:35:15 IST" duration-ms="5023" status="PASS">
          <reporter-output>
          </reporter-output>
        </test-method> <!-- setUp -->
        <test-method signature="TC_001_Honda_Test()[pri:0, instance:pages.test.TC_001_HondaTest@179ece50]" started-at="2024-01-17T19:35:15 IST" name="TC_001_Honda_Test" description="PageTest2 test1 description" finished-at="2024-01-17T19:35:21 IST" duration-ms="6003" status="PASS">
          <reporter-output>
            <line>
              <![CDATA[Entering 'Honda' text in textfox]]>
            </line>
            <line>
              <![CDATA[Selecting first option from suggestion list]]>
            </line>
            <line>
              <![CDATA[Validating test result]]>
            </line>
          </reporter-output>
        </test-method> <!-- TC_001_Honda_Test -->
        <test-method is-config="true" signature="tearDown()[pri:0, instance:pages.test.TC_001_HondaTest@179ece50]" started-at="2024-01-17T19:35:21 IST" name="tearDown" finished-at="2024-01-17T19:35:21 IST" duration-ms="185" status="PASS">
          <reporter-output>
          </reporter-output>
        </test-method> <!-- tearDown -->
      </class> <!-- pages.test.TC_001_HondaTest -->
      <class name="pages.test.TC_003_HeroTest">
        <test-method is-config="true" signature="setUp()[pri:0, instance:pages.test.TC_003_HeroTest@15de0b3c]" started-at="2024-01-17T19:35:21 IST" name="setUp" finished-at="2024-01-17T19:35:25 IST" duration-ms="3585" status="PASS">
          <reporter-output>
          </reporter-output>
        </test-method> <!-- setUp -->
        <test-method signature="TC_001_Hero_Test()[pri:0, instance:pages.test.TC_003_HeroTest@15de0b3c]" started-at="2024-01-17T19:35:25 IST" name="TC_001_Hero_Test" description="PageTest2 test1 description" finished-at="2024-01-17T19:35:34 IST" duration-ms="9195" status="FAIL">
          <exception class="org.openqa.selenium.TimeoutException">
            <message>
              <![CDATA[Expected condition failed: waiting for visibility of Proxy element for: DefaultElementLocator 'By.xpath: (//ul[@role='listfbox'])[1]/li' (tried for 3 second(s) with 500 milliseconds interval)]]>
            </message>
            <full-stacktrace>
              <![CDATA[org.openqa.selenium.TimeoutException: Expected condition failed: waiting for visibility of Proxy element for: DefaultElementLocator 'By.xpath: (//ul[@role='listfbox'])[1]/li' (tried for 3 second(s) with 500 milliseconds interval)
at org.openqa.selenium.support.ui.WebDriverWait.timeoutException(WebDriverWait.java:84)
at org.openqa.selenium.support.ui.FluentWait.until(FluentWait.java:230)
at utility.Utility.waitElementToBeVisible(Utility.java:76)
at pages.GooglePage.clickOnLink(GooglePage.java:51)
at pages.test.TC_003_HeroTest.TC_001_Hero_Test(TC_003_HeroTest.java:23)
at java.base/jdk.internal.reflect.DirectMethodHandleAccessor.invoke(DirectMethodHandleAccessor.java:103)
at java.base/java.lang.reflect.Method.invoke(Method.java:580)
at org.testng.internal.MethodInvocationHelper.invokeMethod(MethodInvocationHelper.java:133)
at org.testng.internal.TestInvoker.invokeMethod(TestInvoker.java:598)
at org.testng.internal.TestInvoker.invokeTestMethod(TestInvoker.java:173)
at org.testng.internal.MethodRunner.runInSequence(MethodRunner.java:46)
at org.testng.internal.TestInvoker$MethodInvocationAgent.invoke(TestInvoker.java:824)
at org.testng.internal.TestInvoker.invokeTestMethods(TestInvoker.java:146)
at org.testng.internal.TestMethodWorker.invokeTestMethods(TestMethodWorker.java:146)
at org.testng.internal.TestMethodWorker.run(TestMethodWorker.java:128)
at java.base/java.util.concurrent.ThreadPoolExecutor.runWorker(ThreadPoolExecutor.java:1144)
at java.base/java.util.concurrent.ThreadPoolExecutor$Worker.run(ThreadPoolExecutor.java:642)
at java.base/java.lang.Thread.run(Thread.java:1583)
Caused by: org.openqa.selenium.NoSuchElementException: no such element: Unable to locate element: {"method":"xpath","selector":"(//ul[@role='listfbox'])[1]/li"}
  (Session info: chrome=120.0.6099.224)
For documentation on this error, please visit: https://www.selenium.dev/documentation/webdriver/troubleshooting/errors#no-such-element-exception
Build info: version: '4.13.0', revision: 'ba948ece5b*'
System info: os.name: 'Windows 11', os.arch: 'amd64', os.version: '10.0', java.version: '21.0.1'
Driver info: org.openqa.selenium.chrome.ChromeDriver
Command: [11db8627115d7b86c3d8d9d9fe13101a, findElement {using=xpath, value=(//ul[@role='listfbox'])[1]/li}]
Capabilities {acceptInsecureCerts: false, browserName: chrome, browserVersion: 120.0.6099.224, chrome: {chromedriverVersion: 120.0.6099.109 (3419140ab66..., userDataDir: C:\Users\umesh\AppData\Loca...}, fedcm:accounts: true, goog:chromeOptions: {debuggerAddress: localhost:59753}, networkConnectionEnabled: false, pageLoadStrategy: normal, platformName: windows, proxy: Proxy(), se:cdp: ws://localhost:59753/devtoo..., se:cdpVersion: 120.0.6099.224, setWindowRect: true, strictFileInteractability: false, timeouts: {implicit: 0, pageLoad: 300000, script: 30000}, unhandledPromptBehavior: dismiss and notify, webauthn:extension:credBlob: true, webauthn:extension:largeBlob: true, webauthn:extension:minPinLength: true, webauthn:extension:prf: true, webauthn:virtualAuthenticators: true}
Session ID: 11db8627115d7b86c3d8d9d9fe13101a
at java.base/jdk.internal.reflect.DirectConstructorHandleAccessor.newInstance(DirectConstructorHandleAccessor.java:62)
at java.base/java.lang.reflect.Constructor.newInstanceWithCaller(Constructor.java:502)
at java.base/java.lang.reflect.Constructor.newInstance(Constructor.java:486)
at org.openqa.selenium.remote.codec.w3c.W3CHttpResponseCodec.createException(W3CHttpResponseCodec.java:200)
at org.openqa.selenium.remote.codec.w3c.W3CHttpResponseCodec.decode(W3CHttpResponseCodec.java:133)
at org.openqa.selenium.remote.codec.w3c.W3CHttpResponseCodec.decode(W3CHttpResponseCodec.java:52)
at org.openqa.selenium.remote.HttpCommandExecutor.execute(HttpCommandExecutor.java:191)
at org.openqa.selenium.remote.service.DriverCommandExecutor.invokeExecute(DriverCommandExecutor.java:196)
at org.openqa.selenium.remote.service.DriverCommandExecutor.execute(DriverCommandExecutor.java:171)
at org.openqa.selenium.remote.RemoteWebDriver.execute(RemoteWebDriver.java:602)
at org.openqa.selenium.remote.ElementLocation$ElementFinder$2.findElement(ElementLocation.java:165)
at org.openqa.selenium.remote.ElementLocation.findElement(ElementLocation.java:59)
at org.openqa.selenium.remote.RemoteWebDriver.findElement(RemoteWebDriver.java:359)
at org.openqa.selenium.remote.RemoteWebDriver.findElement(RemoteWebDriver.java:353)
at org.openqa.selenium.support.pagefactory.DefaultElementLocator.findElement(DefaultElementLocator.java:68)
at org.openqa.selenium.support.pagefactory.internal.LocatingElementHandler.invoke(LocatingElementHandler.java:38)
at jdk.proxy2/jdk.proxy2.$Proxy14.isDisplayed(Unknown Source)
at org.openqa.selenium.support.ui.ExpectedConditions.elementIfVisible(ExpectedConditions.java:304)
at org.openqa.selenium.support.ui.ExpectedConditions.access$000(ExpectedConditions.java:37)
at org.openqa.selenium.support.ui.ExpectedConditions$10.apply(ExpectedConditions.java:290)
at org.openqa.selenium.support.ui.ExpectedConditions$10.apply(ExpectedConditions.java:287)
at org.openqa.selenium.support.ui.FluentWait.until(FluentWait.java:205)
... 16 more
]]>
            </full-stacktrace>
          </exception> <!-- org.openqa.selenium.TimeoutException -->
          <reporter-output>
            <line>
              <![CDATA[Entering 'Hero Splender' text in textfox]]>
            </line>
            <line>
              <![CDATA[Selecting first option from suggestion list]]>
            </line>
            <line>
              <![CDATA[clicking on link]]>
            </line>
          </reporter-output>
        </test-method> <!-- TC_001_Hero_Test -->
        <test-method is-config="true" signature="tearDown()[pri:0, instance:pages.test.TC_003_HeroTest@15de0b3c]" started-at="2024-01-17T19:35:35 IST" name="tearDown" finished-at="2024-01-17T19:35:35 IST" duration-ms="276" status="PASS">
          <reporter-output>
          </reporter-output>
        </test-method> <!-- tearDown -->
      </class> <!-- pages.test.TC_003_HeroTest -->
      <class name="pages.test.TC_004_SuzukiTest">
        <test-method is-config="true" signature="setUp()[pri:0, instance:pages.test.TC_004_SuzukiTest@489115ef]" started-at="2024-01-17T19:35:25 IST" name="setUp" finished-at="2024-01-17T19:35:28 IST" duration-ms="3165" status="PASS">
          <reporter-output>
          </reporter-output>
        </test-method> <!-- setUp -->
        <test-method signature="TC_001_Suzuki_Test()[pri:0, instance:pages.test.TC_004_SuzukiTest@489115ef]" started-at="2024-01-17T19:35:28 IST" name="TC_001_Suzuki_Test" description="PageTest2 test1 description" finished-at="2024-01-17T19:35:34 IST" duration-ms="5619" status="PASS">
          <reporter-output>
            <line>
              <![CDATA[Entering 'Suzuki Access 125' text in textfox]]>
            </line>
            <line>
              <![CDATA[Selecting first option from suggestion list]]>
            </line>
            <line>
              <![CDATA[Validating test result]]>
            </line>
          </reporter-output>
        </test-method> <!-- TC_001_Suzuki_Test -->
        <test-method is-config="true" signature="tearDown()[pri:0, instance:pages.test.TC_004_SuzukiTest@489115ef]" started-at="2024-01-17T19:35:34 IST" name="tearDown" finished-at="2024-01-17T19:35:34 IST" duration-ms="247" status="PASS">
          <reporter-output>
          </reporter-output>
        </test-method> <!-- tearDown -->
      </class> <!-- pages.test.TC_004_SuzukiTest -->
      <class name="pages.test.TC_002_ActivaTest">
        <test-method is-config="true" signature="setUp()[pri:0, instance:pages.test.TC_002_ActivaTest@1a677343]" started-at="2024-01-17T19:35:10 IST" name="setUp" finished-at="2024-01-17T19:35:14 IST" duration-ms="4916" status="PASS">
          <reporter-output>
          </reporter-output>
        </test-method> <!-- setUp -->
        <test-method signature="TC_001_Activa_Test()[pri:0, instance:pages.test.TC_002_ActivaTest@1a677343]" started-at="2024-01-17T19:35:14 IST" name="TC_001_Activa_Test" description="PageTest2 test1 description" finished-at="2024-01-17T19:35:24 IST" duration-ms="9857" status="FAIL">
          <exception class="org.openqa.selenium.TimeoutException">
            <message>
              <![CDATA[Expected condition failed: waiting for visibility of Proxy element for: DefaultElementLocator 'By.xpath: (//ul[@role='listfbox'])[1]/li' (tried for 3 second(s) with 500 milliseconds interval)]]>
            </message>
            <full-stacktrace>
              <![CDATA[org.openqa.selenium.TimeoutException: Expected condition failed: waiting for visibility of Proxy element for: DefaultElementLocator 'By.xpath: (//ul[@role='listfbox'])[1]/li' (tried for 3 second(s) with 500 milliseconds interval)
at org.openqa.selenium.support.ui.WebDriverWait.timeoutException(WebDriverWait.java:84)
at org.openqa.selenium.support.ui.FluentWait.until(FluentWait.java:230)
at utility.Utility.waitElementToBeVisible(Utility.java:76)
at pages.GooglePage.clickOnLink(GooglePage.java:51)
at pages.test.TC_002_ActivaTest.TC_001_Activa_Test(TC_002_ActivaTest.java:24)
at java.base/jdk.internal.reflect.DirectMethodHandleAccessor.invoke(DirectMethodHandleAccessor.java:103)
at java.base/java.lang.reflect.Method.invoke(Method.java:580)
at org.testng.internal.MethodInvocationHelper.invokeMethod(MethodInvocationHelper.java:133)
at org.testng.internal.TestInvoker.invokeMethod(TestInvoker.java:598)
at org.testng.internal.TestInvoker.invokeTestMethod(TestInvoker.java:173)
at org.testng.internal.MethodRunner.runInSequence(MethodRunner.java:46)
at org.testng.internal.TestInvoker$MethodInvocationAgent.invoke(TestInvoker.java:824)
at org.testng.internal.TestInvoker.invokeTestMethods(TestInvoker.java:146)
at org.testng.internal.TestMethodWorker.invokeTestMethods(TestMethodWorker.java:146)
at org.testng.internal.TestMethodWorker.run(TestMethodWorker.java:128)
at java.base/java.util.concurrent.ThreadPoolExecutor.runWorker(ThreadPoolExecutor.java:1144)
at java.base/java.util.concurrent.ThreadPoolExecutor$Worker.run(ThreadPoolExecutor.java:642)
at java.base/java.lang.Thread.run(Thread.java:1583)
Caused by: org.openqa.selenium.NoSuchElementException: no such element: Unable to locate element: {"method":"xpath","selector":"(//ul[@role='listfbox'])[1]/li"}
  (Session info: chrome=120.0.6099.224)
For documentation on this error, please visit: https://www.selenium.dev/documentation/webdriver/troubleshooting/errors#no-such-element-exception
Build info: version: '4.13.0', revision: 'ba948ece5b*'
System info: os.name: 'Windows 11', os.arch: 'amd64', os.version: '10.0', java.version: '21.0.1'
Driver info: org.openqa.selenium.chrome.ChromeDriver
Command: [259fd5eac8820d34cb1f24cd817a8a54, findElement {using=xpath, value=(//ul[@role='listfbox'])[1]/li}]
Capabilities {acceptInsecureCerts: false, browserName: chrome, browserVersion: 120.0.6099.224, chrome: {chromedriverVersion: 120.0.6099.109 (3419140ab66..., userDataDir: C:\Users\umesh\AppData\Loca...}, fedcm:accounts: true, goog:chromeOptions: {debuggerAddress: localhost:59702}, networkConnectionEnabled: false, pageLoadStrategy: normal, platformName: windows, proxy: Proxy(), se:cdp: ws://localhost:59702/devtoo..., se:cdpVersion: 120.0.6099.224, setWindowRect: true, strictFileInteractability: false, timeouts: {implicit: 0, pageLoad: 300000, script: 30000}, unhandledPromptBehavior: dismiss and notify, webauthn:extension:credBlob: true, webauthn:extension:largeBlob: true, webauthn:extension:minPinLength: true, webauthn:extension:prf: true, webauthn:virtualAuthenticators: true}
Session ID: 259fd5eac8820d34cb1f24cd817a8a54
at java.base/jdk.internal.reflect.DirectConstructorHandleAccessor.newInstance(DirectConstructorHandleAccessor.java:62)
at java.base/java.lang.reflect.Constructor.newInstanceWithCaller(Constructor.java:502)
at java.base/java.lang.reflect.Constructor.newInstance(Constructor.java:486)
at org.openqa.selenium.remote.codec.w3c.W3CHttpResponseCodec.createException(W3CHttpResponseCodec.java:200)
at org.openqa.selenium.remote.codec.w3c.W3CHttpResponseCodec.decode(W3CHttpResponseCodec.java:133)
at org.openqa.selenium.remote.codec.w3c.W3CHttpResponseCodec.decode(W3CHttpResponseCodec.java:52)
at org.openqa.selenium.remote.HttpCommandExecutor.execute(HttpCommandExecutor.java:191)
at org.openqa.selenium.remote.service.DriverCommandExecutor.invokeExecute(DriverCommandExecutor.java:196)
at org.openqa.selenium.remote.service.DriverCommandExecutor.execute(DriverCommandExecutor.java:171)
at org.openqa.selenium.remote.RemoteWebDriver.execute(RemoteWebDriver.java:602)
at org.openqa.selenium.remote.ElementLocation$ElementFinder$2.findElement(ElementLocation.java:165)
at org.openqa.selenium.remote.ElementLocation.findElement(ElementLocation.java:59)
at org.openqa.selenium.remote.RemoteWebDriver.findElement(RemoteWebDriver.java:359)
at org.openqa.selenium.remote.RemoteWebDriver.findElement(RemoteWebDriver.java:353)
at org.openqa.selenium.support.pagefactory.DefaultElementLocator.findElement(DefaultElementLocator.java:68)
at org.openqa.selenium.support.pagefactory.internal.LocatingElementHandler.invoke(LocatingElementHandler.java:38)
at jdk.proxy2/jdk.proxy2.$Proxy14.isDisplayed(Unknown Source)
at org.openqa.selenium.support.ui.ExpectedConditions.elementIfVisible(ExpectedConditions.java:304)
at org.openqa.selenium.support.ui.ExpectedConditions.access$000(ExpectedConditions.java:37)
at org.openqa.selenium.support.ui.ExpectedConditions$10.apply(ExpectedConditions.java:290)
at org.openqa.selenium.support.ui.ExpectedConditions$10.apply(ExpectedConditions.java:287)
at org.openqa.selenium.support.ui.FluentWait.until(FluentWait.java:205)
... 16 more
]]>
            </full-stacktrace>
          </exception> <!-- org.openqa.selenium.TimeoutException -->
          <reporter-output>
            <line>
              <![CDATA[Entering 'Activa' text in textfox]]>
            </line>
            <line>
              <![CDATA[Selecting first option from suggestion list]]>
            </line>
            <line>
              <![CDATA[clicking on link]]>
            </line>
          </reporter-output>
        </test-method> <!-- TC_001_Activa_Test -->
        <test-method is-config="true" signature="tearDown()[pri:0, instance:pages.test.TC_002_ActivaTest@1a677343]" started-at="2024-01-17T19:35:25 IST" name="tearDown" finished-at="2024-01-17T19:35:25 IST" duration-ms="234" status="PASS">
          <reporter-output>
          </reporter-output>
        </test-method> <!-- tearDown -->
      </class> <!-- pages.test.TC_002_ActivaTest -->
    </test> <!-- sampleTest -->
  </suite> <!-- Suite -->
</testng-results>
