<?xml version="1.0" encoding="UTF-8"?>
<testng-results ignored="0" total="1" passed="1" failed="0" skipped="0">
  <reporter-output>
    <line>
      <![CDATA[Entering 'Honda' text in textfox]]>
    </line>
    <line>
      <![CDATA[Selecting first option from suggestion list]]>
    </line>
    <line>
      <![CDATA[Validating test result]]>
    </line>
  </reporter-output>
  <suite started-at="2024-01-11T16:24:31 IST" name="Default suite" finished-at="2024-01-11T16:24:45 IST" duration-ms="13128">
    <groups>
      <group name="smoke">
        <method signature="TC_001_HondaTest.TC_001_Honda_Test()[pri:0, instance:pages.test.TC_001_HondaTest@548e6d58]" name="TC_001_Honda_Test" class="pages.test.TC_001_HondaTest"/>
      </group> <!-- smoke -->
    </groups>
    <test started-at="2024-01-11T16:24:31 IST" name="Default test" finished-at="2024-01-11T16:24:45 IST" duration-ms="13128">
      <class name="pages.test.TC_001_HondaTest">
        <test-method is-config="true" signature="setUp()[pri:0, instance:pages.test.TC_001_HondaTest@548e6d58]" started-at="2024-01-11T16:24:32 IST" name="setUp" finished-at="2024-01-11T16:24:38 IST" duration-ms="6890" status="PASS">
          <reporter-output>
          </reporter-output>
        </test-method> <!-- setUp -->
        <test-method signature="TC_001_Honda_Test()[pri:0, instance:pages.test.TC_001_HondaTest@548e6d58]" started-at="2024-01-11T16:24:38 IST" name="TC_001_Honda_Test" description="PageTest2 test1 description" finished-at="2024-01-11T16:24:44 IST" duration-ms="5855" status="PASS">
          <reporter-output>
            <line>
              <![CDATA[Entering 'Honda' text in textfox]]>
            </line>
            <line>
              <![CDATA[Selecting first option from suggestion list]]>
            </line>
            <line>
              <![CDATA[Validating test result]]>
            </line>
          </reporter-output>
        </test-method> <!-- TC_001_Honda_Test -->
        <test-method is-config="true" signature="tearDown()[pri:0, instance:pages.test.TC_001_HondaTest@548e6d58]" started-at="2024-01-11T16:24:44 IST" name="tearDown" finished-at="2024-01-11T16:24:45 IST" duration-ms="341" status="PASS">
          <reporter-output>
          </reporter-output>
        </test-method> <!-- tearDown -->
      </class> <!-- pages.test.TC_001_HondaTest -->
    </test> <!-- Default test -->
  </suite> <!-- Default suite -->
</testng-results>
